                                      1 ;--------------------------------------------------------
                                      2 ; File Created by SDCC : free open source ISO C Compiler 
                                      3 ; Version 4.3.2 #14356 (MINGW64)
                                      4 ;--------------------------------------------------------
                                      5 	.module main
                                      6 	.optsdcc -mmcs51 --model-small
                                      7 	
                                      8 ;--------------------------------------------------------
                                      9 ; Public variables in this module
                                     10 ;--------------------------------------------------------
                                     11 	.globl _main
                                     12 	.globl _T0_isr
                                     13 	.globl _delay_ms
                                     14 	.globl _Delay_Si
                                     15 	.globl _Delay_La
                                     16 	.globl _Delay_So
                                     17 	.globl _Delay_Fa
                                     18 	.globl _Delay_Mi
                                     19 	.globl _Delay_Re
                                     20 	.globl _Delay_Do
                                     21 	.globl _CY
                                     22 	.globl _AC
                                     23 	.globl _F0
                                     24 	.globl _RS1
                                     25 	.globl _RS0
                                     26 	.globl _OV
                                     27 	.globl _F1
                                     28 	.globl _P
                                     29 	.globl _PS
                                     30 	.globl _PT1
                                     31 	.globl _PX1
                                     32 	.globl _PT0
                                     33 	.globl _PX0
                                     34 	.globl _RD
                                     35 	.globl _WR
                                     36 	.globl _T1
                                     37 	.globl _T0
                                     38 	.globl _INT1
                                     39 	.globl _INT0
                                     40 	.globl _TXD
                                     41 	.globl _RXD
                                     42 	.globl _P3_7
                                     43 	.globl _P3_6
                                     44 	.globl _P3_5
                                     45 	.globl _P3_4
                                     46 	.globl _P3_3
                                     47 	.globl _P3_2
                                     48 	.globl _P3_1
                                     49 	.globl _P3_0
                                     50 	.globl _EA
                                     51 	.globl _ES
                                     52 	.globl _ET1
                                     53 	.globl _EX1
                                     54 	.globl _ET0
                                     55 	.globl _EX0
                                     56 	.globl _P2_7
                                     57 	.globl _P2_6
                                     58 	.globl _P2_5
                                     59 	.globl _P2_4
                                     60 	.globl _P2_3
                                     61 	.globl _P2_2
                                     62 	.globl _P2_1
                                     63 	.globl _P2_0
                                     64 	.globl _SM0
                                     65 	.globl _SM1
                                     66 	.globl _SM2
                                     67 	.globl _REN
                                     68 	.globl _TB8
                                     69 	.globl _RB8
                                     70 	.globl _TI
                                     71 	.globl _RI
                                     72 	.globl _P1_7
                                     73 	.globl _P1_6
                                     74 	.globl _P1_5
                                     75 	.globl _P1_4
                                     76 	.globl _P1_3
                                     77 	.globl _P1_2
                                     78 	.globl _P1_1
                                     79 	.globl _P1_0
                                     80 	.globl _TF1
                                     81 	.globl _TR1
                                     82 	.globl _TF0
                                     83 	.globl _TR0
                                     84 	.globl _IE1
                                     85 	.globl _IT1
                                     86 	.globl _IE0
                                     87 	.globl _IT0
                                     88 	.globl _P0_7
                                     89 	.globl _P0_6
                                     90 	.globl _P0_5
                                     91 	.globl _P0_4
                                     92 	.globl _P0_3
                                     93 	.globl _P0_2
                                     94 	.globl _P0_1
                                     95 	.globl _P0_0
                                     96 	.globl _B
                                     97 	.globl _ACC
                                     98 	.globl _PSW
                                     99 	.globl _IP
                                    100 	.globl _P3
                                    101 	.globl _IE
                                    102 	.globl _P2
                                    103 	.globl _SBUF
                                    104 	.globl _SCON
                                    105 	.globl _P1
                                    106 	.globl _TH1
                                    107 	.globl _TH0
                                    108 	.globl _TL1
                                    109 	.globl _TL0
                                    110 	.globl _TMOD
                                    111 	.globl _TCON
                                    112 	.globl _PCON
                                    113 	.globl _DPH
                                    114 	.globl _DPL
                                    115 	.globl _SP
                                    116 	.globl _P0
                                    117 	.globl _ms
                                    118 	.globl _current
                                    119 	.globl _song
                                    120 	.globl _state
                                    121 	.globl _prebut
                                    122 ;--------------------------------------------------------
                                    123 ; special function registers
                                    124 ;--------------------------------------------------------
                                    125 	.area RSEG    (ABS,DATA)
      000000                        126 	.org 0x0000
                           000080   127 _P0	=	0x0080
                           000081   128 _SP	=	0x0081
                           000082   129 _DPL	=	0x0082
                           000083   130 _DPH	=	0x0083
                           000087   131 _PCON	=	0x0087
                           000088   132 _TCON	=	0x0088
                           000089   133 _TMOD	=	0x0089
                           00008A   134 _TL0	=	0x008a
                           00008B   135 _TL1	=	0x008b
                           00008C   136 _TH0	=	0x008c
                           00008D   137 _TH1	=	0x008d
                           000090   138 _P1	=	0x0090
                           000098   139 _SCON	=	0x0098
                           000099   140 _SBUF	=	0x0099
                           0000A0   141 _P2	=	0x00a0
                           0000A8   142 _IE	=	0x00a8
                           0000B0   143 _P3	=	0x00b0
                           0000B8   144 _IP	=	0x00b8
                           0000D0   145 _PSW	=	0x00d0
                           0000E0   146 _ACC	=	0x00e0
                           0000F0   147 _B	=	0x00f0
                                    148 ;--------------------------------------------------------
                                    149 ; special function bits
                                    150 ;--------------------------------------------------------
                                    151 	.area RSEG    (ABS,DATA)
      000000                        152 	.org 0x0000
                           000080   153 _P0_0	=	0x0080
                           000081   154 _P0_1	=	0x0081
                           000082   155 _P0_2	=	0x0082
                           000083   156 _P0_3	=	0x0083
                           000084   157 _P0_4	=	0x0084
                           000085   158 _P0_5	=	0x0085
                           000086   159 _P0_6	=	0x0086
                           000087   160 _P0_7	=	0x0087
                           000088   161 _IT0	=	0x0088
                           000089   162 _IE0	=	0x0089
                           00008A   163 _IT1	=	0x008a
                           00008B   164 _IE1	=	0x008b
                           00008C   165 _TR0	=	0x008c
                           00008D   166 _TF0	=	0x008d
                           00008E   167 _TR1	=	0x008e
                           00008F   168 _TF1	=	0x008f
                           000090   169 _P1_0	=	0x0090
                           000091   170 _P1_1	=	0x0091
                           000092   171 _P1_2	=	0x0092
                           000093   172 _P1_3	=	0x0093
                           000094   173 _P1_4	=	0x0094
                           000095   174 _P1_5	=	0x0095
                           000096   175 _P1_6	=	0x0096
                           000097   176 _P1_7	=	0x0097
                           000098   177 _RI	=	0x0098
                           000099   178 _TI	=	0x0099
                           00009A   179 _RB8	=	0x009a
                           00009B   180 _TB8	=	0x009b
                           00009C   181 _REN	=	0x009c
                           00009D   182 _SM2	=	0x009d
                           00009E   183 _SM1	=	0x009e
                           00009F   184 _SM0	=	0x009f
                           0000A0   185 _P2_0	=	0x00a0
                           0000A1   186 _P2_1	=	0x00a1
                           0000A2   187 _P2_2	=	0x00a2
                           0000A3   188 _P2_3	=	0x00a3
                           0000A4   189 _P2_4	=	0x00a4
                           0000A5   190 _P2_5	=	0x00a5
                           0000A6   191 _P2_6	=	0x00a6
                           0000A7   192 _P2_7	=	0x00a7
                           0000A8   193 _EX0	=	0x00a8
                           0000A9   194 _ET0	=	0x00a9
                           0000AA   195 _EX1	=	0x00aa
                           0000AB   196 _ET1	=	0x00ab
                           0000AC   197 _ES	=	0x00ac
                           0000AF   198 _EA	=	0x00af
                           0000B0   199 _P3_0	=	0x00b0
                           0000B1   200 _P3_1	=	0x00b1
                           0000B2   201 _P3_2	=	0x00b2
                           0000B3   202 _P3_3	=	0x00b3
                           0000B4   203 _P3_4	=	0x00b4
                           0000B5   204 _P3_5	=	0x00b5
                           0000B6   205 _P3_6	=	0x00b6
                           0000B7   206 _P3_7	=	0x00b7
                           0000B0   207 _RXD	=	0x00b0
                           0000B1   208 _TXD	=	0x00b1
                           0000B2   209 _INT0	=	0x00b2
                           0000B3   210 _INT1	=	0x00b3
                           0000B4   211 _T0	=	0x00b4
                           0000B5   212 _T1	=	0x00b5
                           0000B6   213 _WR	=	0x00b6
                           0000B7   214 _RD	=	0x00b7
                           0000B8   215 _PX0	=	0x00b8
                           0000B9   216 _PT0	=	0x00b9
                           0000BA   217 _PX1	=	0x00ba
                           0000BB   218 _PT1	=	0x00bb
                           0000BC   219 _PS	=	0x00bc
                           0000D0   220 _P	=	0x00d0
                           0000D1   221 _F1	=	0x00d1
                           0000D2   222 _OV	=	0x00d2
                           0000D3   223 _RS0	=	0x00d3
                           0000D4   224 _RS1	=	0x00d4
                           0000D5   225 _F0	=	0x00d5
                           0000D6   226 _AC	=	0x00d6
                           0000D7   227 _CY	=	0x00d7
                                    228 ;--------------------------------------------------------
                                    229 ; overlayable register banks
                                    230 ;--------------------------------------------------------
                                    231 	.area REG_BANK_0	(REL,OVR,DATA)
      000000                        232 	.ds 8
                                    233 ;--------------------------------------------------------
                                    234 ; internal ram data
                                    235 ;--------------------------------------------------------
                                    236 	.area DSEG    (DATA)
      000000                        237 _prebut::
      000000                        238 	.ds 2
      000002                        239 _state::
      000002                        240 	.ds 2
      000004                        241 _song::
      000004                        242 	.ds 32
      000024                        243 _current::
      000024                        244 	.ds 2
      000026                        245 _ms::
      000026                        246 	.ds 2
                                    247 ;--------------------------------------------------------
                                    248 ; overlayable items in internal ram
                                    249 ;--------------------------------------------------------
                                    250 ;--------------------------------------------------------
                                    251 ; Stack segment in internal ram
                                    252 ;--------------------------------------------------------
                                    253 	.area SSEG
      000000                        254 __start__stack:
      000000                        255 	.ds	1
                                    256 
                                    257 ;--------------------------------------------------------
                                    258 ; indirectly addressable internal ram data
                                    259 ;--------------------------------------------------------
                                    260 	.area ISEG    (DATA)
                                    261 ;--------------------------------------------------------
                                    262 ; absolute internal ram data
                                    263 ;--------------------------------------------------------
                                    264 	.area IABS    (ABS,DATA)
                                    265 	.area IABS    (ABS,DATA)
                                    266 ;--------------------------------------------------------
                                    267 ; bit data
                                    268 ;--------------------------------------------------------
                                    269 	.area BSEG    (BIT)
                                    270 ;--------------------------------------------------------
                                    271 ; paged external ram data
                                    272 ;--------------------------------------------------------
                                    273 	.area PSEG    (PAG,XDATA)
                                    274 ;--------------------------------------------------------
                                    275 ; uninitialized external ram data
                                    276 ;--------------------------------------------------------
                                    277 	.area XSEG    (XDATA)
                                    278 ;--------------------------------------------------------
                                    279 ; absolute external ram data
                                    280 ;--------------------------------------------------------
                                    281 	.area XABS    (ABS,XDATA)
                                    282 ;--------------------------------------------------------
                                    283 ; initialized external ram data
                                    284 ;--------------------------------------------------------
                                    285 	.area XISEG   (XDATA)
                                    286 	.area HOME    (CODE)
                                    287 	.area GSINIT0 (CODE)
                                    288 	.area GSINIT1 (CODE)
                                    289 	.area GSINIT2 (CODE)
                                    290 	.area GSINIT3 (CODE)
                                    291 	.area GSINIT4 (CODE)
                                    292 	.area GSINIT5 (CODE)
                                    293 	.area GSINIT  (CODE)
                                    294 	.area GSFINAL (CODE)
                                    295 	.area CSEG    (CODE)
                                    296 ;--------------------------------------------------------
                                    297 ; interrupt vector
                                    298 ;--------------------------------------------------------
                                    299 	.area HOME    (CODE)
      000000                        300 __interrupt_vect:
      000000 02r00r00         [24]  301 	ljmp	__sdcc_gsinit_startup
      000003 32               [24]  302 	reti
      000004                        303 	.ds	7
      00000B 02r00r00         [24]  304 	ljmp	_T0_isr
                                    305 ;--------------------------------------------------------
                                    306 ; global & static initialisations
                                    307 ;--------------------------------------------------------
                                    308 	.area HOME    (CODE)
                                    309 	.area GSINIT  (CODE)
                                    310 	.area GSFINAL (CODE)
                                    311 	.area GSINIT  (CODE)
                                    312 	.globl __sdcc_gsinit_startup
                                    313 	.globl __sdcc_program_startup
                                    314 	.globl __start__stack
                                    315 	.globl __mcs51_genXINIT
                                    316 	.globl __mcs51_genXRAMCLEAR
                                    317 	.globl __mcs51_genRAMCLEAR
                                    318 ;	./src/main.c:14: int prebut=1;
      000000 75*00 01         [24]  319 	mov	_prebut,#0x01
      000003 75*01 00         [24]  320 	mov	(_prebut + 1),#0x00
                                    321 ;	./src/main.c:15: int state=0;
      000006 E4               [12]  322 	clr	a
      000007 F5*02            [12]  323 	mov	_state,a
      000009 F5*03            [12]  324 	mov	(_state + 1),a
                                    325 ;	./src/main.c:16: int song[16]={1,1,5,5,6,6,5,5,4,4,3,3,2,2,1,1};
      00000B 75*04 01         [24]  326 	mov	(_song + 0),#0x01
      00000E F5*05            [12]  327 	mov	(_song + 1),a
      000010 75*06 01         [24]  328 	mov	((_song + 0x0002) + 0),#0x01
      000013 F5*07            [12]  329 	mov	((_song + 0x0002) + 1),a
      000015 75*08 05         [24]  330 	mov	((_song + 0x0004) + 0),#0x05
      000018 F5*09            [12]  331 	mov	((_song + 0x0004) + 1),a
      00001A 75*0A 05         [24]  332 	mov	((_song + 0x0006) + 0),#0x05
      00001D F5*0B            [12]  333 	mov	((_song + 0x0006) + 1),a
      00001F 75*0C 06         [24]  334 	mov	((_song + 0x0008) + 0),#0x06
      000022 F5*0D            [12]  335 	mov	((_song + 0x0008) + 1),a
      000024 75*0E 06         [24]  336 	mov	((_song + 0x000a) + 0),#0x06
      000027 F5*0F            [12]  337 	mov	((_song + 0x000a) + 1),a
      000029 75*10 05         [24]  338 	mov	((_song + 0x000c) + 0),#0x05
      00002C F5*11            [12]  339 	mov	((_song + 0x000c) + 1),a
      00002E 75*12 05         [24]  340 	mov	((_song + 0x000e) + 0),#0x05
      000031 F5*13            [12]  341 	mov	((_song + 0x000e) + 1),a
      000033 75*14 04         [24]  342 	mov	((_song + 0x0010) + 0),#0x04
      000036 F5*15            [12]  343 	mov	((_song + 0x0010) + 1),a
      000038 75*16 04         [24]  344 	mov	((_song + 0x0012) + 0),#0x04
      00003B F5*17            [12]  345 	mov	((_song + 0x0012) + 1),a
      00003D 75*18 03         [24]  346 	mov	((_song + 0x0014) + 0),#0x03
      000040 F5*19            [12]  347 	mov	((_song + 0x0014) + 1),a
      000042 75*1A 03         [24]  348 	mov	((_song + 0x0016) + 0),#0x03
      000045 F5*1B            [12]  349 	mov	((_song + 0x0016) + 1),a
      000047 75*1C 02         [24]  350 	mov	((_song + 0x0018) + 0),#0x02
      00004A F5*1D            [12]  351 	mov	((_song + 0x0018) + 1),a
      00004C 75*1E 02         [24]  352 	mov	((_song + 0x001a) + 0),#0x02
      00004F F5*1F            [12]  353 	mov	((_song + 0x001a) + 1),a
      000051 75*20 01         [24]  354 	mov	((_song + 0x001c) + 0),#0x01
      000054 F5*21            [12]  355 	mov	((_song + 0x001c) + 1),a
      000056 75*22 01         [24]  356 	mov	((_song + 0x001e) + 0),#0x01
      000059 F5*23            [12]  357 	mov	((_song + 0x001e) + 1),a
                                    358 ;	./src/main.c:17: int current = 0;
      00005B F5*24            [12]  359 	mov	_current,a
      00005D F5*25            [12]  360 	mov	(_current + 1),a
                                    361 	.area GSFINAL (CODE)
      000000 02r00r0E         [24]  362 	ljmp	__sdcc_program_startup
                                    363 ;--------------------------------------------------------
                                    364 ; Home
                                    365 ;--------------------------------------------------------
                                    366 	.area HOME    (CODE)
                                    367 	.area HOME    (CODE)
      00000E                        368 __sdcc_program_startup:
      00000E 02r00r57         [24]  369 	ljmp	_main
                                    370 ;	return from main will return to caller
                                    371 ;--------------------------------------------------------
                                    372 ; code
                                    373 ;--------------------------------------------------------
                                    374 	.area CSEG    (CODE)
                                    375 ;------------------------------------------------------------
                                    376 ;Allocation info for local variables in function 'T0_isr'
                                    377 ;------------------------------------------------------------
                                    378 ;	./src/main.c:19: void T0_isr(void) __interrupt (1)						// Interrupt routine w/ priority 1
                                    379 ;	-----------------------------------------
                                    380 ;	 function T0_isr
                                    381 ;	-----------------------------------------
      000000                        382 _T0_isr:
                           000007   383 	ar7 = 0x07
                           000006   384 	ar6 = 0x06
                           000005   385 	ar5 = 0x05
                           000004   386 	ar4 = 0x04
                           000003   387 	ar3 = 0x03
                           000002   388 	ar2 = 0x02
                           000001   389 	ar1 = 0x01
                           000000   390 	ar0 = 0x00
      000000 C0 E0            [24]  391 	push	acc
      000002 C0 F0            [24]  392 	push	b
      000004 C0 D0            [24]  393 	push	psw
                                    394 ;	./src/main.c:21: TH0 = (65536-1000) / 256;					// Load initial higher 8 bits into Timer 0
      000006 75 8C FC         [24]  395 	mov	_TH0,#0xfc
                                    396 ;	./src/main.c:22: TL0 = (65536-1000) % 256;
      000009 75 8A 18         [24]  397 	mov	_TL0,#0x18
                                    398 ;	./src/main.c:23: if(state==1)					// Load initial lower 8 bits into Timer 0
      00000C 74 01            [12]  399 	mov	a,#0x01
      00000E B5*02 06         [24]  400 	cjne	a,_state,00128$
      000011 14               [12]  401 	dec	a
      000012 B5*03 02         [24]  402 	cjne	a,(_state + 1),00128$
      000015 80 02            [24]  403 	sjmp	00129$
      000017                        404 00128$:
      000017 80 08            [24]  405 	sjmp	00102$
      000019                        406 00129$:
                                    407 ;	./src/main.c:24: ms++; // counting how many time
      000019 05*26            [12]  408 	inc	_ms
      00001B E4               [12]  409 	clr	a
      00001C B5*26 02         [24]  410 	cjne	a,_ms,00130$
      00001F 05*27            [12]  411 	inc	(_ms + 1)
      000021                        412 00130$:
      000021                        413 00102$:
                                    414 ;	./src/main.c:25: if(ms==500){
      000021 74 F4            [12]  415 	mov	a,#0xf4
      000023 B5*26 2A         [24]  416 	cjne	a,_ms,00108$
      000026 74 01            [12]  417 	mov	a,#0x01
      000028 B5*27 25         [24]  418 	cjne	a,(_ms + 1),00108$
                                    419 ;	./src/main.c:26: if(current<=15){
      00002B C3               [12]  420 	clr	c
      00002C 74 0F            [12]  421 	mov	a,#0x0f
      00002E 95*24            [12]  422 	subb	a,_current
      000030 74 80            [12]  423 	mov	a,#(0x00 ^ 0x80)
      000032 85*25 F0         [24]  424 	mov	b,(_current + 1)
      000035 63 F0 80         [24]  425 	xrl	b,#0x80
      000038 95 F0            [12]  426 	subb	a,b
      00003A 40 0A            [24]  427 	jc	00104$
                                    428 ;	./src/main.c:27: current++;
      00003C 05*24            [12]  429 	inc	_current
      00003E E4               [12]  430 	clr	a
      00003F B5*24 09         [24]  431 	cjne	a,_current,00105$
      000042 05*25            [12]  432 	inc	(_current + 1)
      000044 80 05            [24]  433 	sjmp	00105$
      000046                        434 00104$:
                                    435 ;	./src/main.c:30: current =0;
      000046 E4               [12]  436 	clr	a
      000047 F5*24            [12]  437 	mov	_current,a
      000049 F5*25            [12]  438 	mov	(_current + 1),a
      00004B                        439 00105$:
                                    440 ;	./src/main.c:32: ms=0;
      00004B E4               [12]  441 	clr	a
      00004C F5*26            [12]  442 	mov	_ms,a
      00004E F5*27            [12]  443 	mov	(_ms + 1),a
      000050                        444 00108$:
                                    445 ;	./src/main.c:35: }
      000050 D0 D0            [24]  446 	pop	psw
      000052 D0 F0            [24]  447 	pop	b
      000054 D0 E0            [24]  448 	pop	acc
      000056 32               [24]  449 	reti
                                    450 ;	eliminated unneeded mov psw,# (no regs used in bank)
                                    451 ;	eliminated unneeded push/pop dpl
                                    452 ;	eliminated unneeded push/pop dph
                                    453 ;------------------------------------------------------------
                                    454 ;Allocation info for local variables in function 'main'
                                    455 ;------------------------------------------------------------
                                    456 ;s                         Allocated to registers r6 r7 
                                    457 ;------------------------------------------------------------
                                    458 ;	./src/main.c:37: int main(void) {
                                    459 ;	-----------------------------------------
                                    460 ;	 function main
                                    461 ;	-----------------------------------------
      000057                        462 _main:
                                    463 ;	./src/main.c:38: TMOD = 0x01;											// Set Timer 1 to  mode 0 & T imer 0 mode 1. (16-bit timer)
      000057 75 89 01         [24]  464 	mov	_TMOD,#0x01
                                    465 ;	./src/main.c:39: TH0 = (65536-1000) / 256;					// Load initial higher 8 bits into Timer 0
      00005A 75 8C FC         [24]  466 	mov	_TH0,#0xfc
                                    467 ;	./src/main.c:40: TL0 = (65536-1000) % 256;					// Load initial lower 8 bits into Timer 0
      00005D 75 8A 18         [24]  468 	mov	_TL0,#0x18
                                    469 ;	./src/main.c:41: ET0 = 1;													// Enable Timer 0 interrupt
                                    470 ;	assignBit
      000060 D2 A9            [12]  471 	setb	_ET0
                                    472 ;	./src/main.c:42: EA = 1;														// Enable all interrupt
                                    473 ;	assignBit
      000062 D2 AF            [12]  474 	setb	_EA
                                    475 ;	./src/main.c:43: TR0 = 1;													// Start Timer 0
                                    476 ;	assignBit
      000064 D2 8C            [12]  477 	setb	_TR0
                                    478 ;	./src/main.c:45: while(1) {
      000066                        479 00126$:
                                    480 ;	./src/main.c:46: but =1;
                                    481 ;	assignBit
      000066 D2 A1            [12]  482 	setb	_P2_1
                                    483 ;	./src/main.c:47: if((but == 0) && (prebut==1)) {
      000068 20 A1 28         [24]  484 	jb	_P2_1,00107$
      00006B 74 01            [12]  485 	mov	a,#0x01
      00006D B5*00 06         [24]  486 	cjne	a,_prebut,00209$
      000070 14               [12]  487 	dec	a
      000071 B5*01 02         [24]  488 	cjne	a,(_prebut + 1),00209$
      000074 80 02            [24]  489 	sjmp	00210$
      000076                        490 00209$:
      000076 80 1B            [24]  491 	sjmp	00107$
      000078                        492 00210$:
                                    493 ;	./src/main.c:48: delay_ms(40);
      000078 75 82 28         [24]  494 	mov	dpl,#0x28
      00007B 12r00r00         [24]  495 	lcall	_delay_ms
                                    496 ;	./src/main.c:49: if(but == 0){
      00007E 20 A1 12         [24]  497 	jb	_P2_1,00107$
                                    498 ;	./src/main.c:50: if(state==0) state=1;
      000081 E5*02            [12]  499 	mov	a,_state
      000083 45*03            [12]  500 	orl	a,(_state + 1)
      000085 70 07            [24]  501 	jnz	00102$
      000087 75*02 01         [24]  502 	mov	_state,#0x01
      00008A F5*03            [12]  503 	mov	(_state + 1),a
      00008C 80 05            [24]  504 	sjmp	00107$
      00008E                        505 00102$:
                                    506 ;	./src/main.c:51: else state=0;
      00008E E4               [12]  507 	clr	a
      00008F F5*02            [12]  508 	mov	_state,a
      000091 F5*03            [12]  509 	mov	(_state + 1),a
      000093                        510 00107$:
                                    511 ;	./src/main.c:54: prebut = but;
      000093 A2 A1            [12]  512 	mov	c,_P2_1
      000095 E4               [12]  513 	clr	a
      000096 33               [12]  514 	rlc	a
      000097 F5*00            [12]  515 	mov	_prebut,a
      000099 75*01 00         [24]  516 	mov	(_prebut + 1),#0x00
                                    517 ;	./src/main.c:55: if(state == 1){
      00009C 74 01            [12]  518 	mov	a,#0x01
      00009E B5*02 06         [24]  519 	cjne	a,_state,00213$
      0000A1 14               [12]  520 	dec	a
      0000A2 B5*03 02         [24]  521 	cjne	a,(_state + 1),00213$
      0000A5 80 02            [24]  522 	sjmp	00214$
      0000A7                        523 00213$:
      0000A7 80 BD            [24]  524 	sjmp	00126$
      0000A9                        525 00214$:
                                    526 ;	./src/main.c:56: int s = song[current]; // s is the current song
      0000A9 E5*24            [12]  527 	mov	a,_current
      0000AB 25*24            [12]  528 	add	a,_current
      0000AD FE               [12]  529 	mov	r6,a
      0000AE E5*25            [12]  530 	mov	a,(_current + 1)
      0000B0 33               [12]  531 	rlc	a
      0000B1 EE               [12]  532 	mov	a,r6
      0000B2 24r04            [12]  533 	add	a,#_song
      0000B4 F9               [12]  534 	mov	r1,a
      0000B5 87 06            [24]  535 	mov	ar6,@r1
      0000B7 09               [12]  536 	inc	r1
      0000B8 87 07            [24]  537 	mov	ar7,@r1
      0000BA 19               [12]  538 	dec	r1
                                    539 ;	./src/main.c:57: if(s==do){
      0000BB BE 01 15         [24]  540 	cjne	r6,#0x01,00110$
      0000BE BF 00 12         [24]  541 	cjne	r7,#0x00,00110$
                                    542 ;	./src/main.c:58: P3_7 = 1;
                                    543 ;	assignBit
      0000C1 D2 B7            [12]  544 	setb	_P3_7
                                    545 ;	./src/main.c:59: Delay_Do();
      0000C3 C0 07            [24]  546 	push	ar7
      0000C5 C0 06            [24]  547 	push	ar6
      0000C7 12r00r00         [24]  548 	lcall	_Delay_Do
                                    549 ;	./src/main.c:60: P3_7 = 0;
                                    550 ;	assignBit
      0000CA C2 B7            [12]  551 	clr	_P3_7
                                    552 ;	./src/main.c:61: Delay_Do();
      0000CC 12r00r00         [24]  553 	lcall	_Delay_Do
      0000CF D0 06            [24]  554 	pop	ar6
      0000D1 D0 07            [24]  555 	pop	ar7
      0000D3                        556 00110$:
                                    557 ;	./src/main.c:63: if(s==re){
      0000D3 BE 02 15         [24]  558 	cjne	r6,#0x02,00112$
      0000D6 BF 00 12         [24]  559 	cjne	r7,#0x00,00112$
                                    560 ;	./src/main.c:64: P3_7 = 1;
                                    561 ;	assignBit
      0000D9 D2 B7            [12]  562 	setb	_P3_7
                                    563 ;	./src/main.c:65: Delay_Re();
      0000DB C0 07            [24]  564 	push	ar7
      0000DD C0 06            [24]  565 	push	ar6
      0000DF 12r00r00         [24]  566 	lcall	_Delay_Re
                                    567 ;	./src/main.c:66: P3_7 = 0;
                                    568 ;	assignBit
      0000E2 C2 B7            [12]  569 	clr	_P3_7
                                    570 ;	./src/main.c:67: Delay_Re();
      0000E4 12r00r00         [24]  571 	lcall	_Delay_Re
      0000E7 D0 06            [24]  572 	pop	ar6
      0000E9 D0 07            [24]  573 	pop	ar7
      0000EB                        574 00112$:
                                    575 ;	./src/main.c:69: if(s==mi){
      0000EB BE 03 15         [24]  576 	cjne	r6,#0x03,00114$
      0000EE BF 00 12         [24]  577 	cjne	r7,#0x00,00114$
                                    578 ;	./src/main.c:70: P3_7 = 1;
                                    579 ;	assignBit
      0000F1 D2 B7            [12]  580 	setb	_P3_7
                                    581 ;	./src/main.c:71: Delay_Mi();
      0000F3 C0 07            [24]  582 	push	ar7
      0000F5 C0 06            [24]  583 	push	ar6
      0000F7 12r00r00         [24]  584 	lcall	_Delay_Mi
                                    585 ;	./src/main.c:72: P3_7 = 0;
                                    586 ;	assignBit
      0000FA C2 B7            [12]  587 	clr	_P3_7
                                    588 ;	./src/main.c:73: Delay_Mi();
      0000FC 12r00r00         [24]  589 	lcall	_Delay_Mi
      0000FF D0 06            [24]  590 	pop	ar6
      000101 D0 07            [24]  591 	pop	ar7
      000103                        592 00114$:
                                    593 ;	./src/main.c:75: if(s==fa){
      000103 BE 04 15         [24]  594 	cjne	r6,#0x04,00116$
      000106 BF 00 12         [24]  595 	cjne	r7,#0x00,00116$
                                    596 ;	./src/main.c:76: P3_7 = 1;
                                    597 ;	assignBit
      000109 D2 B7            [12]  598 	setb	_P3_7
                                    599 ;	./src/main.c:77: Delay_Fa();
      00010B C0 07            [24]  600 	push	ar7
      00010D C0 06            [24]  601 	push	ar6
      00010F 12r00r00         [24]  602 	lcall	_Delay_Fa
                                    603 ;	./src/main.c:78: P3_7 = 0;
                                    604 ;	assignBit
      000112 C2 B7            [12]  605 	clr	_P3_7
                                    606 ;	./src/main.c:79: Delay_Fa();
      000114 12r00r00         [24]  607 	lcall	_Delay_Fa
      000117 D0 06            [24]  608 	pop	ar6
      000119 D0 07            [24]  609 	pop	ar7
      00011B                        610 00116$:
                                    611 ;	./src/main.c:81: if(s==so){
      00011B BE 05 15         [24]  612 	cjne	r6,#0x05,00118$
      00011E BF 00 12         [24]  613 	cjne	r7,#0x00,00118$
                                    614 ;	./src/main.c:82: P3_7 = 1;
                                    615 ;	assignBit
      000121 D2 B7            [12]  616 	setb	_P3_7
                                    617 ;	./src/main.c:83: Delay_So();
      000123 C0 07            [24]  618 	push	ar7
      000125 C0 06            [24]  619 	push	ar6
      000127 12r00r00         [24]  620 	lcall	_Delay_So
                                    621 ;	./src/main.c:84: P3_7 = 0;
                                    622 ;	assignBit
      00012A C2 B7            [12]  623 	clr	_P3_7
                                    624 ;	./src/main.c:85: Delay_So();
      00012C 12r00r00         [24]  625 	lcall	_Delay_So
      00012F D0 06            [24]  626 	pop	ar6
      000131 D0 07            [24]  627 	pop	ar7
      000133                        628 00118$:
                                    629 ;	./src/main.c:87: if(s==la){
      000133 BE 06 15         [24]  630 	cjne	r6,#0x06,00120$
      000136 BF 00 12         [24]  631 	cjne	r7,#0x00,00120$
                                    632 ;	./src/main.c:88: P3_7 = 1;
                                    633 ;	assignBit
      000139 D2 B7            [12]  634 	setb	_P3_7
                                    635 ;	./src/main.c:89: Delay_La();
      00013B C0 07            [24]  636 	push	ar7
      00013D C0 06            [24]  637 	push	ar6
      00013F 12r00r00         [24]  638 	lcall	_Delay_La
                                    639 ;	./src/main.c:90: P3_7 = 0;
                                    640 ;	assignBit
      000142 C2 B7            [12]  641 	clr	_P3_7
                                    642 ;	./src/main.c:91: Delay_La();
      000144 12r00r00         [24]  643 	lcall	_Delay_La
      000147 D0 06            [24]  644 	pop	ar6
      000149 D0 07            [24]  645 	pop	ar7
      00014B                        646 00120$:
                                    647 ;	./src/main.c:93: if(s==si){
      00014B BE 07 05         [24]  648 	cjne	r6,#0x07,00227$
      00014E BF 00 02         [24]  649 	cjne	r7,#0x00,00227$
      000151 80 03            [24]  650 	sjmp	00228$
      000153                        651 00227$:
      000153 02r00r66         [24]  652 	ljmp	00126$
      000156                        653 00228$:
                                    654 ;	./src/main.c:94: P3_7 = 1;
                                    655 ;	assignBit
      000156 D2 B7            [12]  656 	setb	_P3_7
                                    657 ;	./src/main.c:95: Delay_Si();
      000158 12r00r00         [24]  658 	lcall	_Delay_Si
                                    659 ;	./src/main.c:96: P3_7 = 0;
                                    660 ;	assignBit
      00015B C2 B7            [12]  661 	clr	_P3_7
                                    662 ;	./src/main.c:97: Delay_Si();
      00015D 12r00r00         [24]  663 	lcall	_Delay_Si
                                    664 ;	./src/main.c:103: }
      000160 02r00r66         [24]  665 	ljmp	00126$
                                    666 	.area CSEG    (CODE)
                                    667 	.area CONST   (CODE)
                                    668 	.area XINIT   (CODE)
                                    669 	.area CABS    (ABS,CODE)
