                                      1 ;--------------------------------------------------------
                                      2 ; File Created by SDCC : free open source ISO C Compiler 
                                      3 ; Version 4.3.2 #14356 (MINGW64)
                                      4 ;--------------------------------------------------------
                                      5 	.module main
                                      6 	.optsdcc -mmcs51 --model-small
                                      7 	
                                      8 ;--------------------------------------------------------
                                      9 ; Public variables in this module
                                     10 ;--------------------------------------------------------
                                     11 	.globl _main
                                     12 	.globl _T0_isr
                                     13 	.globl _Initial
                                     14 	.globl _Write7219
                                     15 	.globl _CY
                                     16 	.globl _AC
                                     17 	.globl _F0
                                     18 	.globl _RS1
                                     19 	.globl _RS0
                                     20 	.globl _OV
                                     21 	.globl _F1
                                     22 	.globl _P
                                     23 	.globl _PS
                                     24 	.globl _PT1
                                     25 	.globl _PX1
                                     26 	.globl _PT0
                                     27 	.globl _PX0
                                     28 	.globl _RD
                                     29 	.globl _WR
                                     30 	.globl _T1
                                     31 	.globl _T0
                                     32 	.globl _INT1
                                     33 	.globl _INT0
                                     34 	.globl _TXD
                                     35 	.globl _RXD
                                     36 	.globl _P3_7
                                     37 	.globl _P3_6
                                     38 	.globl _P3_5
                                     39 	.globl _P3_4
                                     40 	.globl _P3_3
                                     41 	.globl _P3_2
                                     42 	.globl _P3_1
                                     43 	.globl _P3_0
                                     44 	.globl _EA
                                     45 	.globl _ES
                                     46 	.globl _ET1
                                     47 	.globl _EX1
                                     48 	.globl _ET0
                                     49 	.globl _EX0
                                     50 	.globl _P2_7
                                     51 	.globl _P2_6
                                     52 	.globl _P2_5
                                     53 	.globl _P2_4
                                     54 	.globl _P2_3
                                     55 	.globl _P2_2
                                     56 	.globl _P2_1
                                     57 	.globl _P2_0
                                     58 	.globl _SM0
                                     59 	.globl _SM1
                                     60 	.globl _SM2
                                     61 	.globl _REN
                                     62 	.globl _TB8
                                     63 	.globl _RB8
                                     64 	.globl _TI
                                     65 	.globl _RI
                                     66 	.globl _P1_7
                                     67 	.globl _P1_6
                                     68 	.globl _P1_5
                                     69 	.globl _P1_4
                                     70 	.globl _P1_3
                                     71 	.globl _P1_2
                                     72 	.globl _P1_1
                                     73 	.globl _P1_0
                                     74 	.globl _TF1
                                     75 	.globl _TR1
                                     76 	.globl _TF0
                                     77 	.globl _TR0
                                     78 	.globl _IE1
                                     79 	.globl _IT1
                                     80 	.globl _IE0
                                     81 	.globl _IT0
                                     82 	.globl _P0_7
                                     83 	.globl _P0_6
                                     84 	.globl _P0_5
                                     85 	.globl _P0_4
                                     86 	.globl _P0_3
                                     87 	.globl _P0_2
                                     88 	.globl _P0_1
                                     89 	.globl _P0_0
                                     90 	.globl _B
                                     91 	.globl _ACC
                                     92 	.globl _PSW
                                     93 	.globl _IP
                                     94 	.globl _P3
                                     95 	.globl _IE
                                     96 	.globl _P2
                                     97 	.globl _SBUF
                                     98 	.globl _SCON
                                     99 	.globl _P1
                                    100 	.globl _TH1
                                    101 	.globl _TH0
                                    102 	.globl _TL1
                                    103 	.globl _TL0
                                    104 	.globl _TMOD
                                    105 	.globl _TCON
                                    106 	.globl _PCON
                                    107 	.globl _DPH
                                    108 	.globl _DPL
                                    109 	.globl _SP
                                    110 	.globl _P0
                                    111 	.globl _hall_last_state
                                    112 	.globl _hall_ms
                                    113 	.globl _Display
                                    114 ;--------------------------------------------------------
                                    115 ; special function registers
                                    116 ;--------------------------------------------------------
                                    117 	.area RSEG    (ABS,DATA)
      000000                        118 	.org 0x0000
                           000080   119 _P0	=	0x0080
                           000081   120 _SP	=	0x0081
                           000082   121 _DPL	=	0x0082
                           000083   122 _DPH	=	0x0083
                           000087   123 _PCON	=	0x0087
                           000088   124 _TCON	=	0x0088
                           000089   125 _TMOD	=	0x0089
                           00008A   126 _TL0	=	0x008a
                           00008B   127 _TL1	=	0x008b
                           00008C   128 _TH0	=	0x008c
                           00008D   129 _TH1	=	0x008d
                           000090   130 _P1	=	0x0090
                           000098   131 _SCON	=	0x0098
                           000099   132 _SBUF	=	0x0099
                           0000A0   133 _P2	=	0x00a0
                           0000A8   134 _IE	=	0x00a8
                           0000B0   135 _P3	=	0x00b0
                           0000B8   136 _IP	=	0x00b8
                           0000D0   137 _PSW	=	0x00d0
                           0000E0   138 _ACC	=	0x00e0
                           0000F0   139 _B	=	0x00f0
                                    140 ;--------------------------------------------------------
                                    141 ; special function bits
                                    142 ;--------------------------------------------------------
                                    143 	.area RSEG    (ABS,DATA)
      000000                        144 	.org 0x0000
                           000080   145 _P0_0	=	0x0080
                           000081   146 _P0_1	=	0x0081
                           000082   147 _P0_2	=	0x0082
                           000083   148 _P0_3	=	0x0083
                           000084   149 _P0_4	=	0x0084
                           000085   150 _P0_5	=	0x0085
                           000086   151 _P0_6	=	0x0086
                           000087   152 _P0_7	=	0x0087
                           000088   153 _IT0	=	0x0088
                           000089   154 _IE0	=	0x0089
                           00008A   155 _IT1	=	0x008a
                           00008B   156 _IE1	=	0x008b
                           00008C   157 _TR0	=	0x008c
                           00008D   158 _TF0	=	0x008d
                           00008E   159 _TR1	=	0x008e
                           00008F   160 _TF1	=	0x008f
                           000090   161 _P1_0	=	0x0090
                           000091   162 _P1_1	=	0x0091
                           000092   163 _P1_2	=	0x0092
                           000093   164 _P1_3	=	0x0093
                           000094   165 _P1_4	=	0x0094
                           000095   166 _P1_5	=	0x0095
                           000096   167 _P1_6	=	0x0096
                           000097   168 _P1_7	=	0x0097
                           000098   169 _RI	=	0x0098
                           000099   170 _TI	=	0x0099
                           00009A   171 _RB8	=	0x009a
                           00009B   172 _TB8	=	0x009b
                           00009C   173 _REN	=	0x009c
                           00009D   174 _SM2	=	0x009d
                           00009E   175 _SM1	=	0x009e
                           00009F   176 _SM0	=	0x009f
                           0000A0   177 _P2_0	=	0x00a0
                           0000A1   178 _P2_1	=	0x00a1
                           0000A2   179 _P2_2	=	0x00a2
                           0000A3   180 _P2_3	=	0x00a3
                           0000A4   181 _P2_4	=	0x00a4
                           0000A5   182 _P2_5	=	0x00a5
                           0000A6   183 _P2_6	=	0x00a6
                           0000A7   184 _P2_7	=	0x00a7
                           0000A8   185 _EX0	=	0x00a8
                           0000A9   186 _ET0	=	0x00a9
                           0000AA   187 _EX1	=	0x00aa
                           0000AB   188 _ET1	=	0x00ab
                           0000AC   189 _ES	=	0x00ac
                           0000AF   190 _EA	=	0x00af
                           0000B0   191 _P3_0	=	0x00b0
                           0000B1   192 _P3_1	=	0x00b1
                           0000B2   193 _P3_2	=	0x00b2
                           0000B3   194 _P3_3	=	0x00b3
                           0000B4   195 _P3_4	=	0x00b4
                           0000B5   196 _P3_5	=	0x00b5
                           0000B6   197 _P3_6	=	0x00b6
                           0000B7   198 _P3_7	=	0x00b7
                           0000B0   199 _RXD	=	0x00b0
                           0000B1   200 _TXD	=	0x00b1
                           0000B2   201 _INT0	=	0x00b2
                           0000B3   202 _INT1	=	0x00b3
                           0000B4   203 _T0	=	0x00b4
                           0000B5   204 _T1	=	0x00b5
                           0000B6   205 _WR	=	0x00b6
                           0000B7   206 _RD	=	0x00b7
                           0000B8   207 _PX0	=	0x00b8
                           0000B9   208 _PT0	=	0x00b9
                           0000BA   209 _PX1	=	0x00ba
                           0000BB   210 _PT1	=	0x00bb
                           0000BC   211 _PS	=	0x00bc
                           0000D0   212 _P	=	0x00d0
                           0000D1   213 _F1	=	0x00d1
                           0000D2   214 _OV	=	0x00d2
                           0000D3   215 _RS0	=	0x00d3
                           0000D4   216 _RS1	=	0x00d4
                           0000D5   217 _F0	=	0x00d5
                           0000D6   218 _AC	=	0x00d6
                           0000D7   219 _CY	=	0x00d7
                                    220 ;--------------------------------------------------------
                                    221 ; overlayable register banks
                                    222 ;--------------------------------------------------------
                                    223 	.area REG_BANK_0	(REL,OVR,DATA)
      000000                        224 	.ds 8
                                    225 ;--------------------------------------------------------
                                    226 ; overlayable bit register bank
                                    227 ;--------------------------------------------------------
                                    228 	.area BIT_BANK	(REL,OVR,DATA)
      000000                        229 bits:
      000000                        230 	.ds 1
                           008000   231 	b0 = bits[0]
                           008100   232 	b1 = bits[1]
                           008200   233 	b2 = bits[2]
                           008300   234 	b3 = bits[3]
                           008400   235 	b4 = bits[4]
                           008500   236 	b5 = bits[5]
                           008600   237 	b6 = bits[6]
                           008700   238 	b7 = bits[7]
                                    239 ;--------------------------------------------------------
                                    240 ; internal ram data
                                    241 ;--------------------------------------------------------
                                    242 	.area DSEG    (DATA)
      000000                        243 _hall_ms::
      000000                        244 	.ds 2
      000002                        245 _hall_last_state::
      000002                        246 	.ds 1
      000003                        247 _Display_num_65536_11:
      000003                        248 	.ds 4
      000007                        249 _Display_seg_65536_12:
      000007                        250 	.ds 10
      000011                        251 _Display_seg_decimal_65536_12:
      000011                        252 	.ds 10
                                    253 ;--------------------------------------------------------
                                    254 ; overlayable items in internal ram
                                    255 ;--------------------------------------------------------
                                    256 ;--------------------------------------------------------
                                    257 ; Stack segment in internal ram
                                    258 ;--------------------------------------------------------
                                    259 	.area SSEG
      000000                        260 __start__stack:
      000000                        261 	.ds	1
                                    262 
                                    263 ;--------------------------------------------------------
                                    264 ; indirectly addressable internal ram data
                                    265 ;--------------------------------------------------------
                                    266 	.area ISEG    (DATA)
                                    267 ;--------------------------------------------------------
                                    268 ; absolute internal ram data
                                    269 ;--------------------------------------------------------
                                    270 	.area IABS    (ABS,DATA)
                                    271 	.area IABS    (ABS,DATA)
                                    272 ;--------------------------------------------------------
                                    273 ; bit data
                                    274 ;--------------------------------------------------------
                                    275 	.area BSEG    (BIT)
                                    276 ;--------------------------------------------------------
                                    277 ; paged external ram data
                                    278 ;--------------------------------------------------------
                                    279 	.area PSEG    (PAG,XDATA)
                                    280 ;--------------------------------------------------------
                                    281 ; uninitialized external ram data
                                    282 ;--------------------------------------------------------
                                    283 	.area XSEG    (XDATA)
                                    284 ;--------------------------------------------------------
                                    285 ; absolute external ram data
                                    286 ;--------------------------------------------------------
                                    287 	.area XABS    (ABS,XDATA)
                                    288 ;--------------------------------------------------------
                                    289 ; initialized external ram data
                                    290 ;--------------------------------------------------------
                                    291 	.area XISEG   (XDATA)
                                    292 	.area HOME    (CODE)
                                    293 	.area GSINIT0 (CODE)
                                    294 	.area GSINIT1 (CODE)
                                    295 	.area GSINIT2 (CODE)
                                    296 	.area GSINIT3 (CODE)
                                    297 	.area GSINIT4 (CODE)
                                    298 	.area GSINIT5 (CODE)
                                    299 	.area GSINIT  (CODE)
                                    300 	.area GSFINAL (CODE)
                                    301 	.area CSEG    (CODE)
                                    302 ;--------------------------------------------------------
                                    303 ; interrupt vector
                                    304 ;--------------------------------------------------------
                                    305 	.area HOME    (CODE)
      000000                        306 __interrupt_vect:
      000000 02r00r00         [24]  307 	ljmp	__sdcc_gsinit_startup
      000003 32               [24]  308 	reti
      000004                        309 	.ds	7
      00000B 02r00r00         [24]  310 	ljmp	_T0_isr
                                    311 ;--------------------------------------------------------
                                    312 ; global & static initialisations
                                    313 ;--------------------------------------------------------
                                    314 	.area HOME    (CODE)
                                    315 	.area GSINIT  (CODE)
                                    316 	.area GSFINAL (CODE)
                                    317 	.area GSINIT  (CODE)
                                    318 	.globl __sdcc_gsinit_startup
                                    319 	.globl __sdcc_program_startup
                                    320 	.globl __start__stack
                                    321 	.globl __mcs51_genXINIT
                                    322 	.globl __mcs51_genXRAMCLEAR
                                    323 	.globl __mcs51_genRAMCLEAR
                                    324 ;	./src/main.c:7: int hall_ms = 0;									// counter of the time elapsed
      000000 E4               [12]  325 	clr	a
      000001 F5*00            [12]  326 	mov	_hall_ms,a
      000003 F5*01            [12]  327 	mov	(_hall_ms + 1),a
                                    328 ;	./src/main.c:8: char hall_last_state = 0;							// Record activation and deactivation of Hall sensor
      000005 F5*02            [12]  329 	mov	_hall_last_state,a
                                    330 	.area GSFINAL (CODE)
      000000 02r00r0E         [24]  331 	ljmp	__sdcc_program_startup
                                    332 ;--------------------------------------------------------
                                    333 ; Home
                                    334 ;--------------------------------------------------------
                                    335 	.area HOME    (CODE)
                                    336 	.area HOME    (CODE)
      00000E                        337 __sdcc_program_startup:
      00000E 02r00r6F         [24]  338 	ljmp	_main
                                    339 ;	return from main will return to caller
                                    340 ;--------------------------------------------------------
                                    341 ; code
                                    342 ;--------------------------------------------------------
                                    343 	.area CSEG    (CODE)
                                    344 ;------------------------------------------------------------
                                    345 ;Allocation info for local variables in function 'T0_isr'
                                    346 ;------------------------------------------------------------
                                    347 ;	./src/main.c:12: void T0_isr(void) __interrupt (1)						// Interrupt routine w/ priority 1
                                    348 ;	-----------------------------------------
                                    349 ;	 function T0_isr
                                    350 ;	-----------------------------------------
      000000                        351 _T0_isr:
                           000007   352 	ar7 = 0x07
                           000006   353 	ar6 = 0x06
                           000005   354 	ar5 = 0x05
                           000004   355 	ar4 = 0x04
                           000003   356 	ar3 = 0x03
                           000002   357 	ar2 = 0x02
                           000001   358 	ar1 = 0x01
                           000000   359 	ar0 = 0x00
      000000 C0*00            [24]  360 	push	bits
      000002 C0 E0            [24]  361 	push	acc
      000004 C0 F0            [24]  362 	push	b
      000006 C0 82            [24]  363 	push	dpl
      000008 C0 83            [24]  364 	push	dph
      00000A C0 07            [24]  365 	push	(0+7)
      00000C C0 06            [24]  366 	push	(0+6)
      00000E C0 05            [24]  367 	push	(0+5)
      000010 C0 04            [24]  368 	push	(0+4)
      000012 C0 03            [24]  369 	push	(0+3)
      000014 C0 02            [24]  370 	push	(0+2)
      000016 C0 01            [24]  371 	push	(0+1)
      000018 C0 00            [24]  372 	push	(0+0)
      00001A C0 D0            [24]  373 	push	psw
      00001C 75 D0 00         [24]  374 	mov	psw,#0x00
                                    375 ;	./src/main.c:14: TH0 = (65536-1000) / 256;					// Load initial higher 8 bits into Timer 0
      00001F 75 8C FC         [24]  376 	mov	_TH0,#0xfc
                                    377 ;	./src/main.c:15: TL0 = (65536-1000) % 256;					// Load initial lower 8 bits into Timer 0
      000022 75 8A 18         [24]  378 	mov	_TL0,#0x18
                                    379 ;	./src/main.c:16: hall_ms++; // counting how many time
      000025 05*00            [12]  380 	inc	_hall_ms
      000027 E4               [12]  381 	clr	a
      000028 B5*00 02         [24]  382 	cjne	a,_hall_ms,00118$
      00002B 05*01            [12]  383 	inc	(_hall_ms + 1)
      00002D                        384 00118$:
                                    385 ;	./src/main.c:17: if( (Hall_In==0) && (hall_last_state==1) ){
      00002D 20 A4 1C         [24]  386 	jb	_P2_4,00102$
      000030 74 01            [12]  387 	mov	a,#0x01
      000032 B5*02 17         [24]  388 	cjne	a,_hall_last_state,00102$
                                    389 ;	./src/main.c:18: Display(hall_ms);              // display the value of time
      000035 AC*00            [24]  390 	mov	r4,_hall_ms
      000037 E5*01            [12]  391 	mov	a,(_hall_ms + 1)
      000039 FD               [12]  392 	mov	r5,a
      00003A 33               [12]  393 	rlc	a
      00003B 95 E0            [12]  394 	subb	a,acc
      00003D FE               [12]  395 	mov	r6,a
      00003E 8C 82            [24]  396 	mov	dpl,r4
      000040 8D 83            [24]  397 	mov	dph,r5
      000042 8E F0            [24]  398 	mov	b,r6
      000044 12r00r85         [24]  399 	lcall	_Display
                                    400 ;	./src/main.c:19: hall_ms=0;                    // reset the timer
      000047 E4               [12]  401 	clr	a
      000048 F5*00            [12]  402 	mov	_hall_ms,a
      00004A F5*01            [12]  403 	mov	(_hall_ms + 1),a
      00004C                        404 00102$:
                                    405 ;	./src/main.c:22: hall_last_state = Hall_In;       // this is the debounce of the hallsensor
      00004C A2 A4            [12]  406 	mov	c,_P2_4
      00004E E4               [12]  407 	clr	a
      00004F 33               [12]  408 	rlc	a
      000050 F5*02            [12]  409 	mov	_hall_last_state,a
                                    410 ;	./src/main.c:24: }
      000052 D0 D0            [24]  411 	pop	psw
      000054 D0 00            [24]  412 	pop	(0+0)
      000056 D0 01            [24]  413 	pop	(0+1)
      000058 D0 02            [24]  414 	pop	(0+2)
      00005A D0 03            [24]  415 	pop	(0+3)
      00005C D0 04            [24]  416 	pop	(0+4)
      00005E D0 05            [24]  417 	pop	(0+5)
      000060 D0 06            [24]  418 	pop	(0+6)
      000062 D0 07            [24]  419 	pop	(0+7)
      000064 D0 83            [24]  420 	pop	dph
      000066 D0 82            [24]  421 	pop	dpl
      000068 D0 F0            [24]  422 	pop	b
      00006A D0 E0            [24]  423 	pop	acc
      00006C D0*00            [24]  424 	pop	bits
      00006E 32               [24]  425 	reti
                                    426 ;------------------------------------------------------------
                                    427 ;Allocation info for local variables in function 'main'
                                    428 ;------------------------------------------------------------
                                    429 ;	./src/main.c:26: int main(void) {
                                    430 ;	-----------------------------------------
                                    431 ;	 function main
                                    432 ;	-----------------------------------------
      00006F                        433 _main:
                                    434 ;	./src/main.c:29: TMOD = 0x01;											// Set Timer 1 to  mode 0 & T imer 0 mode 1. (16-bit timer)
      00006F 75 89 01         [24]  435 	mov	_TMOD,#0x01
                                    436 ;	./src/main.c:30: TH0 = (65536-1000) / 256;					// Load initial higher 8 bits into Timer 0
      000072 75 8C FC         [24]  437 	mov	_TH0,#0xfc
                                    438 ;	./src/main.c:31: TL0 = (65536-1000) % 256;					// Load initial lower 8 bits into Timer 0
      000075 75 8A 18         [24]  439 	mov	_TL0,#0x18
                                    440 ;	./src/main.c:32: ET0 = 1;													// Enable Timer 0 interrupt
                                    441 ;	assignBit
      000078 D2 A9            [12]  442 	setb	_ET0
                                    443 ;	./src/main.c:33: EA = 1;														// Enable all interrupt
                                    444 ;	assignBit
      00007A D2 AF            [12]  445 	setb	_EA
                                    446 ;	./src/main.c:34: TR0 = 1;													// Start Timer 0
                                    447 ;	assignBit
      00007C D2 8C            [12]  448 	setb	_TR0
                                    449 ;	./src/main.c:35: Initial();                  			//MAX7219 initialize
      00007E 12r00r00         [24]  450 	lcall	_Initial
                                    451 ;	./src/main.c:37: Hall_In = 1;										// Initialize Hall sensor signal (deactivated)
                                    452 ;	assignBit
      000081 D2 A4            [12]  453 	setb	_P2_4
                                    454 ;	./src/main.c:38: while(1);
      000083                        455 00102$:
                                    456 ;	./src/main.c:39: }
      000083 80 FE            [24]  457 	sjmp	00102$
                                    458 ;------------------------------------------------------------
                                    459 ;Allocation info for local variables in function 'Display'
                                    460 ;------------------------------------------------------------
                                    461 ;num                       Allocated with name '_Display_num_65536_11'
                                    462 ;seg                       Allocated with name '_Display_seg_65536_12'
                                    463 ;seg_decimal               Allocated with name '_Display_seg_decimal_65536_12'
                                    464 ;i                         Allocated to registers r2 r3 
                                    465 ;toprint                   Allocated to registers r5 
                                    466 ;print                     Allocated to registers r4 r5 
                                    467 ;------------------------------------------------------------
                                    468 ;	./src/main.c:41: void Display(long int num) {
                                    469 ;	-----------------------------------------
                                    470 ;	 function Display
                                    471 ;	-----------------------------------------
      000085                        472 _Display:
      000085 85 82*03         [24]  473 	mov	_Display_num_65536_11,dpl
      000088 85 83*04         [24]  474 	mov	(_Display_num_65536_11 + 1),dph
      00008B 85 F0*05         [24]  475 	mov	(_Display_num_65536_11 + 2),b
      00008E F5*06            [12]  476 	mov	(_Display_num_65536_11 + 3),a
                                    477 ;	./src/main.c:42: unsigned char seg[] = {
      000090 75*07 7E         [24]  478 	mov	_Display_seg_65536_12,#0x7e
      000093 75*08 30         [24]  479 	mov	(_Display_seg_65536_12 + 0x0001),#0x30
      000096 75*09 6D         [24]  480 	mov	(_Display_seg_65536_12 + 0x0002),#0x6d
      000099 75*0A 79         [24]  481 	mov	(_Display_seg_65536_12 + 0x0003),#0x79
      00009C 75*0B 33         [24]  482 	mov	(_Display_seg_65536_12 + 0x0004),#0x33
      00009F 75*0C 5B         [24]  483 	mov	(_Display_seg_65536_12 + 0x0005),#0x5b
      0000A2 75*0D 5F         [24]  484 	mov	(_Display_seg_65536_12 + 0x0006),#0x5f
      0000A5 75*0E 70         [24]  485 	mov	(_Display_seg_65536_12 + 0x0007),#0x70
      0000A8 75*0F 7F         [24]  486 	mov	(_Display_seg_65536_12 + 0x0008),#0x7f
      0000AB 75*10 7B         [24]  487 	mov	(_Display_seg_65536_12 + 0x0009),#0x7b
                                    488 ;	./src/main.c:54: unsigned char seg_decimal[] = {
      0000AE 75*11 FE         [24]  489 	mov	_Display_seg_decimal_65536_12,#0xfe
      0000B1 75*12 B0         [24]  490 	mov	(_Display_seg_decimal_65536_12 + 0x0001),#0xb0
      0000B4 75*13 ED         [24]  491 	mov	(_Display_seg_decimal_65536_12 + 0x0002),#0xed
      0000B7 75*14 F9         [24]  492 	mov	(_Display_seg_decimal_65536_12 + 0x0003),#0xf9
      0000BA 75*15 B3         [24]  493 	mov	(_Display_seg_decimal_65536_12 + 0x0004),#0xb3
      0000BD 75*16 DB         [24]  494 	mov	(_Display_seg_decimal_65536_12 + 0x0005),#0xdb
      0000C0 75*17 DF         [24]  495 	mov	(_Display_seg_decimal_65536_12 + 0x0006),#0xdf
      0000C3 75*18 F0         [24]  496 	mov	(_Display_seg_decimal_65536_12 + 0x0007),#0xf0
      0000C6 75*19 FF         [24]  497 	mov	(_Display_seg_decimal_65536_12 + 0x0008),#0xff
      0000C9 75*1A FB         [24]  498 	mov	(_Display_seg_decimal_65536_12 + 0x0009),#0xfb
                                    499 ;	./src/main.c:68: while(num>0){
      0000CC 7A 00            [12]  500 	mov	r2,#0x00
      0000CE 7B 00            [12]  501 	mov	r3,#0x00
      0000D0                        502 00104$:
      0000D0 C3               [12]  503 	clr	c
      0000D1 E4               [12]  504 	clr	a
      0000D2 95*03            [12]  505 	subb	a,_Display_num_65536_11
      0000D4 E4               [12]  506 	clr	a
      0000D5 95*04            [12]  507 	subb	a,(_Display_num_65536_11 + 1)
      0000D7 E4               [12]  508 	clr	a
      0000D8 95*05            [12]  509 	subb	a,(_Display_num_65536_11 + 2)
      0000DA 74 80            [12]  510 	mov	a,#(0x00 ^ 0x80)
      0000DC 85*06 F0         [24]  511 	mov	b,(_Display_num_65536_11 + 3)
      0000DF 63 F0 80         [24]  512 	xrl	b,#0x80
      0000E2 95 F0            [12]  513 	subb	a,b
      0000E4 40 03            [24]  514 	jc	00159$
      0000E6 02r01r61         [24]  515 	ljmp	00120$
      0000E9                        516 00159$:
                                    517 ;	./src/main.c:69: i++;
      0000E9 0A               [12]  518 	inc	r2
      0000EA BA 00 01         [24]  519 	cjne	r2,#0x00,00160$
      0000ED 0B               [12]  520 	inc	r3
      0000EE                        521 00160$:
                                    522 ;	./src/main.c:70: int print = num%10;
      0000EE 75*00 0A         [24]  523 	mov	__modslong_PARM_2,#0x0a
      0000F1 E4               [12]  524 	clr	a
      0000F2 F5*01            [12]  525 	mov	(__modslong_PARM_2 + 1),a
      0000F4 F5*02            [12]  526 	mov	(__modslong_PARM_2 + 2),a
      0000F6 F5*03            [12]  527 	mov	(__modslong_PARM_2 + 3),a
      0000F8 85*03 82         [24]  528 	mov	dpl,_Display_num_65536_11
      0000FB 85*04 83         [24]  529 	mov	dph,(_Display_num_65536_11 + 1)
      0000FE 85*05 F0         [24]  530 	mov	b,(_Display_num_65536_11 + 2)
      000101 E5*06            [12]  531 	mov	a,(_Display_num_65536_11 + 3)
      000103 C0 03            [24]  532 	push	ar3
      000105 C0 02            [24]  533 	push	ar2
      000107 12r00r00         [24]  534 	lcall	__modslong
      00010A AC 82            [24]  535 	mov	r4,dpl
      00010C D0 02            [24]  536 	pop	ar2
      00010E D0 03            [24]  537 	pop	ar3
                                    538 ;	./src/main.c:71: if(i==4){
      000110 BA 04 0B         [24]  539 	cjne	r2,#0x04,00102$
      000113 BB 00 08         [24]  540 	cjne	r3,#0x00,00102$
                                    541 ;	./src/main.c:72: toprint = seg_decimal[print];  // add decimal point at the third number counting from the back
      000116 EC               [12]  542 	mov	a,r4
      000117 24r11            [12]  543 	add	a,#_Display_seg_decimal_65536_12
      000119 F9               [12]  544 	mov	r1,a
      00011A 87 07            [24]  545 	mov	ar7,@r1
      00011C 80 06            [24]  546 	sjmp	00103$
      00011E                        547 00102$:
                                    548 ;	./src/main.c:75: toprint = seg[print];       // load the seven_segment code to to print
      00011E EC               [12]  549 	mov	a,r4
      00011F 24r07            [12]  550 	add	a,#_Display_seg_65536_12
      000121 F9               [12]  551 	mov	r1,a
      000122 87 07            [24]  552 	mov	ar7,@r1
      000124                        553 00103$:
                                    554 ;	./src/main.c:77: Write7219( i , toprint);
      000124 8A 82            [24]  555 	mov	dpl,r2
      000126 8F*00            [24]  556 	mov	_Write7219_PARM_2,r7
      000128 C0 03            [24]  557 	push	ar3
      00012A C0 02            [24]  558 	push	ar2
      00012C 12r00r00         [24]  559 	lcall	_Write7219
      00012F D0 02            [24]  560 	pop	ar2
      000131 D0 03            [24]  561 	pop	ar3
                                    562 ;	./src/main.c:78: num /= 10 ;
      000133 75*00 0A         [24]  563 	mov	__divslong_PARM_2,#0x0a
      000136 E4               [12]  564 	clr	a
      000137 F5*01            [12]  565 	mov	(__divslong_PARM_2 + 1),a
      000139 F5*02            [12]  566 	mov	(__divslong_PARM_2 + 2),a
      00013B F5*03            [12]  567 	mov	(__divslong_PARM_2 + 3),a
      00013D 85*03 82         [24]  568 	mov	dpl,_Display_num_65536_11
      000140 85*04 83         [24]  569 	mov	dph,(_Display_num_65536_11 + 1)
      000143 85*05 F0         [24]  570 	mov	b,(_Display_num_65536_11 + 2)
      000146 E5*06            [12]  571 	mov	a,(_Display_num_65536_11 + 3)
      000148 C0 03            [24]  572 	push	ar3
      00014A C0 02            [24]  573 	push	ar2
      00014C 12r00r00         [24]  574 	lcall	__divslong
      00014F 85 82*03         [24]  575 	mov	_Display_num_65536_11,dpl
      000152 85 83*04         [24]  576 	mov	(_Display_num_65536_11 + 1),dph
      000155 85 F0*05         [24]  577 	mov	(_Display_num_65536_11 + 2),b
      000158 F5*06            [12]  578 	mov	(_Display_num_65536_11 + 3),a
      00015A D0 02            [24]  579 	pop	ar2
      00015C D0 03            [24]  580 	pop	ar3
      00015E 02r00rD0         [24]  581 	ljmp	00104$
                                    582 ;	./src/main.c:80: while(i<4){
      000161                        583 00120$:
      000161 8A 06            [24]  584 	mov	ar6,r2
      000163 8B 07            [24]  585 	mov	ar7,r3
      000165                        586 00110$:
      000165 C3               [12]  587 	clr	c
      000166 EE               [12]  588 	mov	a,r6
      000167 94 04            [12]  589 	subb	a,#0x04
      000169 EF               [12]  590 	mov	a,r7
      00016A 64 80            [12]  591 	xrl	a,#0x80
      00016C 94 80            [12]  592 	subb	a,#0x80
      00016E 50 22            [24]  593 	jnc	00113$
                                    594 ;	./src/main.c:81: i++;
      000170 0E               [12]  595 	inc	r6
      000171 BE 00 01         [24]  596 	cjne	r6,#0x00,00164$
      000174 0F               [12]  597 	inc	r7
      000175                        598 00164$:
                                    599 ;	./src/main.c:82: if(i==4){
      000175 BE 04 07         [24]  600 	cjne	r6,#0x04,00108$
      000178 BF 00 04         [24]  601 	cjne	r7,#0x00,00108$
                                    602 ;	./src/main.c:83: toprint = seg_decimal[0];   // add decimal point at the third number counting from the back
      00017B AD*11            [24]  603 	mov	r5,_Display_seg_decimal_65536_12
      00017D 80 02            [24]  604 	sjmp	00109$
      00017F                        605 00108$:
                                    606 ;	./src/main.c:86: toprint = seg[0];
      00017F AD*07            [24]  607 	mov	r5,_Display_seg_65536_12
      000181                        608 00109$:
                                    609 ;	./src/main.c:88: Write7219( i , toprint);
      000181 8E 82            [24]  610 	mov	dpl,r6
      000183 8D*00            [24]  611 	mov	_Write7219_PARM_2,r5
      000185 C0 07            [24]  612 	push	ar7
      000187 C0 06            [24]  613 	push	ar6
      000189 12r00r00         [24]  614 	lcall	_Write7219
      00018C D0 06            [24]  615 	pop	ar6
      00018E D0 07            [24]  616 	pop	ar7
      000190 80 D3            [24]  617 	sjmp	00110$
      000192                        618 00113$:
                                    619 ;	./src/main.c:90: }
      000192 22               [24]  620 	ret
                                    621 	.area CSEG    (CODE)
                                    622 	.area CONST   (CODE)
                                    623 	.area XINIT   (CODE)
                                    624 	.area CABS    (ABS,CODE)
